<?xml version="1.0" encoding="UTF-8"?>
<testsuite xmlns:xsi="http://www.w3.org/2001/XMLSchema-instance" xsi:noNamespaceSchemaLocation="https://maven.apache.org/surefire/maven-surefire-plugin/xsd/surefire-test-report-3.0.xsd" version="3.0" name="TestSuite" time="24.366" tests="6" errors="0" skipped="0" failures="0">
  <properties>
[...]
</properties>
  <testcase name="login[Win10_Chrome_Latest-1, Windows, 10, Chrome, latest-1](1)" classname="SampleTest2" time="11.073">
    <system-out><![CDATA[name:Win10_Chrome_Latest-1
name:OSX_BigSur_Chrome_Latest
os:Windows
os:OS X
name:mobile
osversion:Big Sur
osversion:10
os:Windows
browser:Chrome
browser:Chrome
osversion:7
browser version:latest-1
browser version:latest
browser:Internet Explorer
browser version:11.0
Thread 2 : I am at browserstack page 2
]]></system-out>
    <system-err><![CDATA[Dec 06, 2021 1:00:06 PM org.openqa.selenium.remote.ProtocolHandshake createSession
INFO: Detected dialect: OSS
Dec 06, 2021 1:00:06 PM org.openqa.selenium.remote.ProtocolHandshake createSession
INFO: Detected dialect: W3C
Dec 06, 2021 1:00:06 PM org.openqa.selenium.remote.ProtocolHandshake createSession
INFO: Detected dialect: W3C
Dec 06, 2021 1:00:07 PM org.openqa.selenium.remote.ProtocolHandshake createSession
INFO: Detected dialect: W3C
Dec 06, 2021 1:00:07 PM org.openqa.selenium.remote.ProtocolHandshake createSession
INFO: Detected dialect: W3C
]]></system-err>
  </testcase>
  <testcase name="login[mobile, Windows, 7, Internet Explorer, 11.0](2)" classname="SampleTest2" time="11.397">
    <system-out><![CDATA[Thread 2 : I am at browserstack page 2
]]></system-out>
  </testcase>
  <testcase name="login[OSX_BigSur_Chrome_Latest, OS X, Big Sur, Chrome, latest](3)" classname="SampleTest2" time="14.182">
    <system-out><![CDATA[Thread 2 : I am at browserstack page 2
]]></system-out>
  </testcase>
  <testcase name="login[OSX_BigSur_Chrome_Latest, OS X, Big Sur, Chrome, latest](1)" classname="SampleTest" time="11.889">
    <system-out><![CDATA[Thread 1 : I am at browserstack page 1
]]></system-out>
  </testcase>
  <testcase name="login[Win10_Chrome_Latest-1, Windows, 10, Chrome, latest-1](2)" classname="SampleTest" time="15.384">
    <system-out><![CDATA[Thread 1 : I am at browserstack page 1
]]></system-out>
  </testcase>
  <testcase name="login[mobile, Windows, 7, Internet Explorer, 11.0](3)" classname="SampleTest" time="22.363">
    <system-out><![CDATA[Thread 1 : I am at browserstack page 1
]]></system-out>
    <system-err><![CDATA[Dec 06, 2021 1:00:16 PM org.openqa.selenium.remote.ProtocolHandshake createSession
INFO: Detected dialect: OSS
]]></system-err>
  </testcase>
</testsuite>