<?xml version="1.0" encoding="UTF-8"?>
<!-- Generated by org.testng.reporters.JUnitXMLReporter -->
<testsuite hostname="DESKTOP-F4KJESH" ignored="0" tests="6" failures="0" timestamp="2021-12-06T13:00:22 IST" time="23.764" errors="0">
  <testcase name="login" time="11.02" classname="SampleTest2"/>
  <testcase name="login" time="11.391" classname="SampleTest2"/>
  <testcase name="login" time="11.888" classname="SampleTest"/>
  <testcase name="login" time="14.181" classname="SampleTest2"/>
  <testcase name="login" time="15.382" classname="SampleTest"/>
  <testcase name="login" time="22.356" classname="SampleTest"/>
</testsuite>
